{
	"D:\\project\\nr-tools-yz\\src\\sum\\index.ts": {
		"path": "D:\\project\\nr-tools-yz\\src\\sum\\index.ts",
		"all": false,
		"statementMap": {
			"0": {
				"start": { "line": 1, "column": 0 },
				"end": { "line": 1, "column": 10 }
			},
			"1": {
				"start": { "line": 2, "column": 0 },
				"end": { "line": 2, "column": 51 }
			},
			"2": {
				"start": { "line": 3, "column": 0 },
				"end": { "line": 3, "column": 53 }
			},
			"3": {
				"start": { "line": 4, "column": 0 },
				"end": { "line": 4, "column": 1 }
			},
			"4": {
				"start": { "line": 5, "column": 0 },
				"end": { "line": 5, "column": 0 }
			},
			"5": {
				"start": { "line": 6, "column": 0 },
				"end": { "line": 6, "column": 28 }
			},
			"6": {
				"start": { "line": 7, "column": 0 },
				"end": { "line": 7, "column": 10 }
			},
			"7": {
				"start": { "line": 8, "column": 0 },
				"end": { "line": 8, "column": 8 }
			},
			"8": {
				"start": { "line": 9, "column": 0 },
				"end": { "line": 9, "column": 1 }
			},
			"9": {
				"start": { "line": 10, "column": 0 },
				"end": { "line": 10, "column": 84 }
			},
			"10": {
				"start": { "line": 11, "column": 0 },
				"end": { "line": 11, "column": 32930 }
			}
		},
		"s": {
			"0": 1,
			"1": 1,
			"2": 1,
			"3": 1,
			"4": 1,
			"5": 1,
			"6": 1,
			"7": 1,
			"8": 1,
			"9": 1,
			"10": 1
		},
		"branchMap": {
			"0": {
				"type": "branch",
				"line": 2,
				"loc": {
					"start": { "line": 2, "column": 19 },
					"end": { "line": 4, "column": 1 }
				},
				"locations": [
					{
						"start": { "line": 2, "column": 19 },
						"end": { "line": 4, "column": 1 }
					}
				]
			},
			"1": {
				"type": "branch",
				"line": 3,
				"loc": {
					"start": { "line": 3, "column": 20 },
					"end": { "line": 3, "column": 42 }
				},
				"locations": [
					{
						"start": { "line": 3, "column": 20 },
						"end": { "line": 3, "column": 42 }
					}
				]
			},
			"2": {
				"type": "branch",
				"line": 11,
				"loc": {
					"start": { "line": 11, "column": 21 },
					"end": { "line": 11, "column": 32642 }
				},
				"locations": [
					{
						"start": { "line": 11, "column": 21 },
						"end": { "line": 11, "column": 32642 }
					}
				]
			},
			"3": {
				"type": "branch",
				"line": 11,
				"loc": {
					"start": { "line": 11, "column": 32631 },
					"end": { "line": 11, "column": 32641 }
				},
				"locations": [
					{
						"start": { "line": 11, "column": 32631 },
						"end": { "line": 11, "column": 32641 }
					}
				]
			},
			"4": {
				"type": "branch",
				"line": 11,
				"loc": {
					"start": { "line": 11, "column": 32643 },
					"end": { "line": 11, "column": 32697 }
				},
				"locations": [
					{
						"start": { "line": 11, "column": 32643 },
						"end": { "line": 11, "column": 32697 }
					}
				]
			},
			"5": {
				"type": "branch",
				"line": 11,
				"loc": {
					"start": { "line": 11, "column": 32686 },
					"end": { "line": 11, "column": 32696 }
				},
				"locations": [
					{
						"start": { "line": 11, "column": 32686 },
						"end": { "line": 11, "column": 32696 }
					}
				]
			}
		},
		"b": { "0": [1], "1": [2], "2": [1], "3": [0], "4": [1], "5": [0] },
		"fnMap": {
			"0": {
				"name": "sum",
				"decl": {
					"start": { "line": 2, "column": 19 },
					"end": { "line": 4, "column": 1 }
				},
				"loc": {
					"start": { "line": 2, "column": 19 },
					"end": { "line": 4, "column": 1 }
				},
				"line": 2
			},
			"1": {
				"name": "oo_cm",
				"decl": {
					"start": { "line": 11, "column": 21 },
					"end": { "line": 11, "column": 32642 }
				},
				"loc": {
					"start": { "line": 11, "column": 21 },
					"end": { "line": 11, "column": 32642 }
				},
				"line": 11
			},
			"2": {
				"name": "oo_oo",
				"decl": {
					"start": { "line": 11, "column": 32643 },
					"end": { "line": 11, "column": 32697 }
				},
				"loc": {
					"start": { "line": 11, "column": 32643 },
					"end": { "line": 11, "column": 32697 }
				},
				"line": 11
			}
		},
		"f": { "0": 1, "1": 1, "2": 1 }
	}
}
